<?xml version="1.0" encoding="UTF-8"?>
<!-- Generated by org.testng.reporters.JUnitReportReporter -->
<testsuite hostname="DESKTOP-PN8R175" failures="0" tests="2" name="com.ToolsQa.Qa.Tests.ToolsQAElementPageTest" time="2.092" errors="0" timestamp="2022-06-04T21:44:38 EDT" skipped="0">
  <testcase classname="com.ToolsQa.Qa.Tests.ToolsQAElementPageTest" name="ElementClickTest" time="1.498"/>
  <system-out/>
  <testcase classname="com.ToolsQa.Qa.Tests.ToolsQAElementPageTest" name="ElementTextBoxTest" time="0.594"/>
  <system-out/>
</testsuite> <!-- com.ToolsQa.Qa.Tests.ToolsQAElementPageTest -->
