<?xml version="1.0" encoding="UTF-8"?>
<!-- Generated by org.testng.reporters.JUnitReportReporter -->
<testsuite hostname="DESKTOP-PN8R175" failures="0" tests="2" name="com.ToolsQa.Qa.Tests.ToolsQAElementPageTest" time="2.080" errors="0" timestamp="2022-06-04T20:51:54 EDT" skipped="0">
  <testcase classname="com.ToolsQa.Qa.Tests.ToolsQAElementPageTest" name="ElementClickTest" time="1.590"/>
  <system-out/>
  <testcase classname="com.ToolsQa.Qa.Tests.ToolsQAElementPageTest" name="ElementTextBoxTest" time="0.490"/>
  <system-out/>
</testsuite> <!-- com.ToolsQa.Qa.Tests.ToolsQAElementPageTest -->
