<?xml version="1.0" encoding="UTF-8"?>
<!-- Generated by org.testng.reporters.JUnitReportReporter -->
<testsuite hostname="DESKTOP-PN8R175" failures="0" tests="5" name="com.ToolsQa.Qa.Tests.ToolsQAElementPageTest" time="3.428" errors="0" timestamp="2022-06-15T00:30:58 EDT" skipped="3">
  <testcase classname="com.ToolsQa.Qa.Tests.ToolsQAElementPageTest" name="ElementClickTest" time="1.251"/>
  <system-out/>
  <testcase classname="com.ToolsQa.Qa.Tests.ToolsQAElementPageTest" name="ElementRadioButtonClickTest" time="2.177"/>
  <system-out/>
  <testcase classname="com.ToolsQa.Qa.Tests.ToolsQAElementPageTest" name="ElementCheckBoxHomeClickTest">
    <skipped/>
  </testcase> <!-- ElementCheckBoxHomeClickTest -->
  <system-out/>
  <testcase classname="com.ToolsQa.Qa.Tests.ToolsQAElementPageTest" name="ElementCheckBoxTest">
    <skipped/>
  </testcase> <!-- ElementCheckBoxTest -->
  <system-out/>
  <testcase classname="com.ToolsQa.Qa.Tests.ToolsQAElementPageTest" name="ElementTextBoxTest">
    <skipped/>
  </testcase> <!-- ElementTextBoxTest -->
  <system-out/>
</testsuite> <!-- com.ToolsQa.Qa.Tests.ToolsQAElementPageTest -->
